#
# There is insufficient memory for the Java Runtime Environment to continue.
# Native memory allocation (malloc) failed to allocate 1048576 bytes for AllocateHeap
# Possible reasons:
#   The system is out of physical RAM or swap space
#   In 32 bit mode, the process size limit was hit
# Possible solutions:
#   Reduce memory load on the system
#   Increase physical memory or swap space
#   Check if swap backing store is full
#   Use 64 bit Java on a 64 bit OS
#   Decrease Java heap size (-Xmx/-Xms)
#   Decrease number of Java threads
#   Decrease Java thread stack sizes (-Xss)
#   Set larger code cache with -XX:ReservedCodeCacheSize=
# This output file may be truncated or incomplete.
#
#  Out of Memory Error (memory/allocation.inline.hpp:61), pid=9868, tid=0x0000000000003598
#
# JRE version:  (8.0_92-b14) (build )
# Java VM: Java HotSpot(TM) 64-Bit Server VM (25.92-b14 mixed mode windows-amd64 compressed oops)
# Failed to write core dump. Minidumps are not enabled by default on client versions of Windows
#

---------------  T H R E A D  ---------------

Current thread (0x0000000002f05000):  JavaThread "Unknown thread" [_thread_in_vm, id=13720, stack(0x0000000002c60000,0x0000000002d60000)]

Stack: [0x0000000002c60000,0x0000000002d60000]
[error occurred during error reporting (printing stack bounds), id 0xc0000005]

Native frames: (J=compiled Java code, j=interpreted, Vv=VM code, C=native code)


---------------  P R O C E S S  ---------------

Java Threads: ( => current thread )

Other Threads:

=>0x0000000002f05000 (exited) JavaThread "Unknown thread" [_thread_in_vm, id=13720, stack(0x0000000002c60000,0x0000000002d60000)]

VM state:not at safepoint (normal execution)

VM Mutex/Monitor currently owned by a thread: None

Heap:
 PSYoungGen      total 28672K, used 491K [0x00000000e0700000, 0x00000000e2700000, 0x0000000100000000)
  eden space 24576K, 2% used [0x00000000e0700000,0x00000000e077ae20,0x00000000e1f00000)
  from space 4096K, 0% used [0x00000000e2300000,0x00000000e2300000,0x00000000e2700000)
  to   space 4096K, 0% used [0x00000000e1f00000,0x00000000e1f00000,0x00000000e2300000)
 ParOldGen       total 65536K, used 0K [0x00000000a1400000, 0x00000000a5400000, 0x00000000e0700000)
  object space 65536K, 0% used [0x00000000a1400000,0x00000000a1400000,0x00000000a5400000)
 Metaspace       used 769K, capacity 4480K, committed 4480K, reserved 1056768K
  class space    used 75K, capacity 384K, committed 384K, reserved 1048576K

Card table byte_map: [0x00000000123c0000,0x00000000126c0000] byte_map_base: 0x0000000011eb6000

Marking Bits: (ParMarkBitMap*) 0x0000000065d464f0
 Begin Bits: [0x0000000012cc0000, 0x0000000014470000)
 End Bits:   [0x0000000014470000, 0x0000000015c20000)

Polling page: 0x0000000002c00000

CodeCache: size=245760Kb used=328Kb max_used=328Kb free=245431Kb
 bounds [0x0000000003000000, 0x0000000003270000, 0x0000000012000000]
 total_blobs=58 nmethods=0 adapters=38
 compilation: enabled

Compilation events (0 events):
No events

GC Heap History (0 events):
No events

Deoptimization events (0 events):
No events

Internal exceptions (0 events):
No events

Events (10 events):
Event: 0.077 loading class java/lang/Short
Event: 0.077 loading class java/lang/Short done
Event: 0.077 loading class java/lang/Integer
Event: 0.077 loading class java/lang/Integer done
Event: 0.077 loading class java/lang/Long
Event: 0.078 loading class java/lang/Long done
Event: 0.079 loading class java/lang/NullPointerException
Event: 0.079 loading class java/lang/NullPointerException done
Event: 0.079 loading class java/lang/ArithmeticException
Event: 0.079 loading class java/lang/ArithmeticException done


Dynamic libraries:
0x00007ff6dea20000 - 0x00007ff6dea57000 	C:\Program Files\Java\jdk1.8.0_92\bin\java.exe
0x00007ff9a3ed0000 - 0x00007ff9a40a2000 	C:\WINDOWS\SYSTEM32\ntdll.dll
0x00007ff9a1460000 - 0x00007ff9a150c000 	C:\WINDOWS\System32\KERNEL32.DLL
0x00007ff9a0b60000 - 0x00007ff9a0d7d000 	C:\WINDOWS\System32\KERNELBASE.dll
0x00007ff9a17b0000 - 0x00007ff9a1852000 	C:\WINDOWS\System32\ADVAPI32.dll
0x00007ff9a1880000 - 0x00007ff9a191e000 	C:\WINDOWS\System32\msvcrt.dll
0x00007ff9a20e0000 - 0x00007ff9a2139000 	C:\WINDOWS\System32\sechost.dll
0x00007ff9a1510000 - 0x00007ff9a1631000 	C:\WINDOWS\System32\RPCRT4.dll
0x00007ff9a1640000 - 0x00007ff9a17a5000 	C:\WINDOWS\System32\USER32.dll
0x00007ff9a1270000 - 0x00007ff9a128e000 	C:\WINDOWS\System32\win32u.dll
0x00007ff9a3dd0000 - 0x00007ff9a3e04000 	C:\WINDOWS\System32\GDI32.dll
0x00007ff9a10a0000 - 0x00007ff9a1220000 	C:\WINDOWS\System32\gdi32full.dll
0x00007ff992920000 - 0x00007ff992b9a000 	C:\WINDOWS\WinSxS\amd64_microsoft.windows.common-controls_6595b64144ccf1df_6.0.14393.953_none_42151e83c686086b\COMCTL32.dll
0x00007ff9a1aa0000 - 0x00007ff9a1d68000 	C:\WINDOWS\System32\combase.dll
0x00007ff9a0e30000 - 0x00007ff9a0f25000 	C:\WINDOWS\System32\ucrtbase.dll
0x00007ff9a0fd0000 - 0x00007ff9a103a000 	C:\WINDOWS\System32\bcryptPrimitives.dll
0x00007ff9a1a60000 - 0x00007ff9a1a8e000 	C:\WINDOWS\System32\IMM32.DLL
0x0000000065dd0000 - 0x0000000065ea2000 	C:\Program Files\Java\jdk1.8.0_92\jre\bin\msvcr100.dll
0x0000000065530000 - 0x0000000065dc6000 	C:\Program Files\Java\jdk1.8.0_92\jre\bin\server\jvm.dll
0x00007ff9a1860000 - 0x00007ff9a1868000 	C:\WINDOWS\System32\PSAPI.DLL
0x00007ff996e40000 - 0x00007ff996e49000 	C:\WINDOWS\SYSTEM32\WSOCK32.dll
0x00007ff9a1d70000 - 0x00007ff9a1dda000 	C:\WINDOWS\System32\WS2_32.dll
0x00007ff99dde0000 - 0x00007ff99de03000 	C:\WINDOWS\SYSTEM32\WINMM.dll
0x00007ff99e9a0000 - 0x00007ff99e9aa000 	C:\WINDOWS\SYSTEM32\VERSION.dll
0x00007ff99ddb0000 - 0x00007ff99dddb000 	C:\WINDOWS\SYSTEM32\WINMMBASE.dll
0x00007ff9a1220000 - 0x00007ff9a1262000 	C:\WINDOWS\System32\cfgmgr32.dll
0x0000000065520000 - 0x000000006552f000 	C:\Program Files\Java\jdk1.8.0_92\jre\bin\verify.dll
0x00000000654f0000 - 0x0000000065519000 	C:\Program Files\Java\jdk1.8.0_92\jre\bin\java.dll
0x0000000066fd0000 - 0x0000000066ff3000 	C:\Program Files\Java\jdk1.8.0_92\jre\bin\instrument.dll
0x00000000654d0000 - 0x00000000654e6000 	C:\Program Files\Java\jdk1.8.0_92\jre\bin\zip.dll

VM Arguments:
jvm_args: -XX:TieredStopAtLevel=1 -Xverify:none -Dspring.output.ansi.enabled=always -Dcom.sun.management.jmxremote -Dcom.sun.management.jmxremote.port=46249 -Dcom.sun.management.jmxremote.authenticate=false -Dcom.sun.management.jmxremote.ssl=false -Djava.rmi.server.hostname=localhost -Dspring.liveBeansView.mbeanDomain -Dspring.application.admin.enabled=true -javaagent:C:\Program Files\JetBrains\IntelliJ IDEA 2018.1.2\lib\idea_rt.jar=46250:C:\Program Files\JetBrains\IntelliJ IDEA 2018.1.2\bin -Dfile.encoding=UTF-8 
java_command: com.example.demo.DemoApplication
java_class_path (initial): C:\Program Files\Java\jdk1.8.0_92\jre\lib\charsets.jar;C:\Program Files\Java\jdk1.8.0_92\jre\lib\deploy.jar;C:\Program Files\Java\jdk1.8.0_92\jre\lib\ext\access-bridge-64.jar;C:\Program Files\Java\jdk1.8.0_92\jre\lib\ext\cldrdata.jar;C:\Program Files\Java\jdk1.8.0_92\jre\lib\ext\dnsns.jar;C:\Program Files\Java\jdk1.8.0_92\jre\lib\ext\jaccess.jar;C:\Program Files\Java\jdk1.8.0_92\jre\lib\ext\jfxrt.jar;C:\Program Files\Java\jdk1.8.0_92\jre\lib\ext\localedata.jar;C:\Program Files\Java\jdk1.8.0_92\jre\lib\ext\nashorn.jar;C:\Program Files\Java\jdk1.8.0_92\jre\lib\ext\sunec.jar;C:\Program Files\Java\jdk1.8.0_92\jre\lib\ext\sunjce_provider.jar;C:\Program Files\Java\jdk1.8.0_92\jre\lib\ext\sunmscapi.jar;C:\Program Files\Java\jdk1.8.0_92\jre\lib\ext\sunpkcs11.jar;C:\Program Files\Java\jdk1.8.0_92\jre\lib\ext\zipfs.jar;C:\Program Files\Java\jdk1.8.0_92\jre\lib\javaws.jar;C:\Program Files\Java\jdk1.8.0_92\jre\lib\jce.jar;C:\Program Files\Java\jdk1.8.0_92\jre\lib\jfr.jar;C:\Program Files\Java\jdk1.8.0_92\jre\lib\jfxswt.jar;C:\Program Files\Java\jdk1.8.0_92\jre\lib\jsse.jar;C:\Program Files\Java\jdk1.8.0_92\jre\lib\management-agent.jar;C:\Program Files\Java\jdk1.8.0_92\jre\lib\plugin.jar;C:\Program Files\Java\jdk1.8.0_92\jre\lib\resources.jar;C:\Program Files\Java\jdk1.8.0_92\jre\lib\rt.jar;C:\Users\Edgaras\Desktop\formatFileMicroservice\target\classes;C:\Users\Edgaras\.m2\repository\org\springframework\boot\spring-boot-starter\2.0.2.RELEASE\spring-boot-starter-2.0.2.RELEASE.jar;C:\Users\Edgaras\.m2\repository\org\springframework\boot\spring-boot\2.0.2.RELEASE\spring-boot-2.0.2.RELEASE.jar;C:\Users\Edgaras\.m2\repository\org\springframework\spring-context\5.0.6.RELEASE\spring-context-5.0.6.RELEASE.jar;C:\Users\Edgaras\.m2\repository\org\springframework\spring-aop\5.0.6.RELEASE\spring-aop-5.0.6.RELEASE.jar;C:\Users\Edgaras\.m2\repository\org\springframework\spring-expression\5.0.6.RELEASE\spring-expression-5.0.6.RELEASE.jar;C:\Users\Edgaras\.m2\reposi
Launcher Type: SUN_STANDARD

Environment Variables:
PATH=C:\Program Files\Microsoft MPI\Bin\;C:\ProgramData\Oracle\Java\javapath;C:\WINDOWS\system32;C:\WINDOWS;C:\WINDOWS\System32\Wbem;C:\WINDOWS\System32\WindowsPowerShell\v1.0\;C:\Program Files (x86)\MySQL\MySQL Fabric 1.5 & MySQL Utilities 1.5\;C:\Program Files (x86)\MySQL\MySQL Fabric 1.5 & MySQL Utilities 1.5\Doctrine extensions for PHP\;C:\Program Files\Microsoft SQL Server\130\Tools\Binn\;C:\WINDOWS\system32\config\systemprofile\.dnx\bin;C:\Program Files\Microsoft DNX\Dnvm\;C:\Program Files\Git\cmd;C:\Program Files (x86)\Microsoft SQL Server\130\DTS\Binn\;C:\Program Files\Microsoft SQL Server\130\DTS\Binn\;C:\Program Files\Microsoft SQL Server\Client SDK\ODBC\130\Tools\Binn\;C:\Program Files (x86)\Microsoft SQL Server\130\Tools\Binn\;C:\Program Files\nodejs\;C:\Program Files (x86)\Windows Kits\8.1\Windows Performance Toolkit\;C:\python27;C:\Program Files\groovy-3.0.0-alpha-2\bin;C:\Program Files\gradle-4.7\bin;C:\Users\Edgaras\Anaconda3\envs\tensorflow\Lib\site-packages\notebook\services\nbconvert;C:\Users\Edgaras\Anaconda3\envs\tensorflow\Lib\site-packages\IPython;C:\Program Files\MiKTeX 2.9\miktex\bin\x64\;C:\python27\Tools\Scripts;;C:\Program Files\Docker Toolbox
USERNAME=Edgaras
OS=Windows_NT
PROCESSOR_IDENTIFIER=Intel64 Family 6 Model 61 Stepping 4, GenuineIntel



---------------  S Y S T E M  ---------------

OS: Windows 10.0 , 64 bit Build 14393 (10.0.14393.2189)

CPU:total 4 (2 cores per cpu, 2 threads per core) family 6 model 61 stepping 4, cmov, cx8, fxsr, mmx, sse, sse2, sse3, ssse3, sse4.1, sse4.2, popcnt, avx, avx2, aes, clmul, erms, 3dnowpref, lzcnt, ht, tsc, tscinvbit, bmi1, bmi2, adx

Memory: 4k page, physical 6204428k(1562420k free), swap 10514360k(6056k free)

vm_info: Java HotSpot(TM) 64-Bit Server VM (25.92-b14) for windows-amd64 JRE (1.8.0_92-b14), built on Mar 31 2016 21:03:04 by "java_re" with MS VC++ 10.0 (VS2010)

time: Sat Jun 09 16:14:27 2018
elapsed time: 0 seconds (0d 0h 0m 0s)

